::1 - - [09/Feb/2025:12:00:27 +0000] "POST /user/login HTTP/1.1" 404 9 "-" "axios/1.7.9"
::1 - - [09/Feb/2025:12:00:27 +0000] "POST /user/login HTTP/1.1" 404 9 "-" "axios/1.7.9"
::1 - - [09/Feb/2025:12:00:27 +0000] "POST /user/login HTTP/1.1" 404 9 "-" "axios/1.7.9"
::1 - - [09/Feb/2025:12:00:27 +0000] "POST /user/login HTTP/1.1" 404 9 "-" "axios/1.7.9"
::1 - - [09/Feb/2025:12:00:27 +0000] "POST /user/login HTTP/1.1" 404 9 "-" "axios/1.7.9"
::1 - - [09/Feb/2025:12:00:27 +0000] "POST /user/login HTTP/1.1" 404 9 "-" "axios/1.7.9"
::1 - - [09/Feb/2025:12:00:27 +0000] "POST /user/login HTTP/1.1" 404 9 "-" "axios/1.7.9"
::1 - - [09/Feb/2025:12:00:27 +0000] "POST /user/login HTTP/1.1" 404 9 "-" "axios/1.7.9"
::1 - - [09/Feb/2025:12:00:27 +0000] "POST /user/login HTTP/1.1" 404 9 "-" "axios/1.7.9"
::1 - - [09/Feb/2025:12:00:27 +0000] "POST /user/login HTTP/1.1" 404 9 "-" "axios/1.7.9"
::1 - - [09/Feb/2025:12:00:27 +0000] "POST /user/login HTTP/1.1" 404 9 "-" "axios/1.7.9"
::1 - - [09/Feb/2025:12:00:27 +0000] "POST /user/login HTTP/1.1" 404 9 "-" "axios/1.7.9"
::1 - - [09/Feb/2025:12:00:27 +0000] "POST /user/login HTTP/1.1" 404 9 "-" "axios/1.7.9"
::1 - - [09/Feb/2025:12:00:27 +0000] "POST /user/login HTTP/1.1" 404 9 "-" "axios/1.7.9"
::1 - - [09/Feb/2025:12:00:27 +0000] "POST /user/login HTTP/1.1" 404 9 "-" "axios/1.7.9"
::1 - - [09/Feb/2025:12:00:27 +0000] "POST /user/login HTTP/1.1" 404 9 "-" "axios/1.7.9"
::1 - - [09/Feb/2025:12:00:27 +0000] "POST /user/login HTTP/1.1" 404 9 "-" "axios/1.7.9"
::1 - - [09/Feb/2025:12:00:27 +0000] "POST /user/login HTTP/1.1" 404 9 "-" "axios/1.7.9"
::1 - - [09/Feb/2025:12:00:27 +0000] "POST /user/login HTTP/1.1" 404 9 "-" "axios/1.7.9"
::1 - - [09/Feb/2025:12:00:27 +0000] "POST /user/login HTTP/1.1" 404 9 "-" "axios/1.7.9"
::1 - - [09/Feb/2025:12:00:27 +0000] "POST /user/login HTTP/1.1" 404 9 "-" "axios/1.7.9"
::1 - - [09/Feb/2025:12:00:27 +0000] "POST /user/login HTTP/1.1" 404 9 "-" "axios/1.7.9"
::1 - - [09/Feb/2025:12:00:27 +0000] "POST /user/login HTTP/1.1" 404 9 "-" "axios/1.7.9"
::1 - - [09/Feb/2025:12:00:27 +0000] "POST /user/login HTTP/1.1" 404 9 "-" "axios/1.7.9"
::1 - - [09/Feb/2025:12:00:27 +0000] "POST /user/login HTTP/1.1" 404 9 "-" "axios/1.7.9"
::1 - - [09/Feb/2025:12:00:27 +0000] "POST /user/login HTTP/1.1" 404 9 "-" "axios/1.7.9"
::1 - - [09/Feb/2025:12:00:27 +0000] "POST /user/login HTTP/1.1" 404 9 "-" "axios/1.7.9"
::1 - - [09/Feb/2025:12:00:27 +0000] "POST /user/login HTTP/1.1" 404 9 "-" "axios/1.7.9"
::1 - - [09/Feb/2025:12:00:27 +0000] "POST /user/login HTTP/1.1" 404 9 "-" "axios/1.7.9"
::1 - - [09/Feb/2025:12:00:27 +0000] "POST /user/login HTTP/1.1" 404 9 "-" "axios/1.7.9"
::1 - - [09/Feb/2025:12:00:27 +0000] "POST /user/login HTTP/1.1" 404 9 "-" "axios/1.7.9"
::1 - - [09/Feb/2025:12:00:27 +0000] "POST /user/login HTTP/1.1" 404 9 "-" "axios/1.7.9"
::1 - - [09/Feb/2025:12:00:27 +0000] "POST /user/login HTTP/1.1" 404 9 "-" "axios/1.7.9"
::1 - - [09/Feb/2025:12:00:27 +0000] "POST /user/login HTTP/1.1" 404 9 "-" "axios/1.7.9"
::1 - - [09/Feb/2025:12:00:27 +0000] "POST /user/login HTTP/1.1" 404 9 "-" "axios/1.7.9"
::1 - - [09/Feb/2025:12:00:27 +0000] "POST /user/login HTTP/1.1" 404 9 "-" "axios/1.7.9"
::1 - - [09/Feb/2025:12:00:27 +0000] "POST /user/login HTTP/1.1" 404 9 "-" "axios/1.7.9"
::1 - - [09/Feb/2025:12:00:27 +0000] "POST /user/login HTTP/1.1" 404 9 "-" "axios/1.7.9"
::1 - - [09/Feb/2025:12:00:27 +0000] "POST /user/login HTTP/1.1" 404 9 "-" "axios/1.7.9"
::1 - - [09/Feb/2025:12:00:27 +0000] "POST /user/login HTTP/1.1" 404 9 "-" "axios/1.7.9"
::1 - - [09/Feb/2025:12:00:27 +0000] "POST /user/login HTTP/1.1" 404 9 "-" "axios/1.7.9"
::1 - - [09/Feb/2025:12:00:27 +0000] "POST /user/login HTTP/1.1" 404 9 "-" "axios/1.7.9"
::1 - - [09/Feb/2025:12:00:27 +0000] "POST /user/login HTTP/1.1" 404 9 "-" "axios/1.7.9"
::1 - - [09/Feb/2025:12:00:27 +0000] "POST /user/login HTTP/1.1" 404 9 "-" "axios/1.7.9"
::1 - - [09/Feb/2025:12:00:27 +0000] "POST /user/login HTTP/1.1" 404 9 "-" "axios/1.7.9"
::1 - - [09/Feb/2025:12:00:27 +0000] "POST /user/login HTTP/1.1" 404 9 "-" "axios/1.7.9"
::1 - - [09/Feb/2025:12:00:27 +0000] "POST /user/login HTTP/1.1" 404 9 "-" "axios/1.7.9"
::1 - - [09/Feb/2025:12:00:27 +0000] "POST /user/login HTTP/1.1" 404 9 "-" "axios/1.7.9"
::1 - - [09/Feb/2025:12:00:27 +0000] "POST /user/login HTTP/1.1" 404 9 "-" "axios/1.7.9"
::1 - - [09/Feb/2025:12:00:27 +0000] "POST /user/login HTTP/1.1" 404 9 "-" "axios/1.7.9"
::1 - - [09/Feb/2025:12:00:27 +0000] "POST /user/login HTTP/1.1" 404 9 "-" "axios/1.7.9"
::1 - - [09/Feb/2025:12:00:27 +0000] "POST /user/login HTTP/1.1" 404 9 "-" "axios/1.7.9"
::1 - - [09/Feb/2025:12:00:27 +0000] "POST /user/login HTTP/1.1" 404 9 "-" "axios/1.7.9"
::1 - - [09/Feb/2025:12:00:27 +0000] "POST /user/login HTTP/1.1" 404 9 "-" "axios/1.7.9"
::1 - - [09/Feb/2025:12:00:27 +0000] "POST /user/login HTTP/1.1" 404 9 "-" "axios/1.7.9"
::1 - - [09/Feb/2025:12:00:27 +0000] "POST /user/login HTTP/1.1" 404 9 "-" "axios/1.7.9"
::1 - - [09/Feb/2025:12:00:27 +0000] "POST /user/login HTTP/1.1" 404 9 "-" "axios/1.7.9"
::1 - - [09/Feb/2025:12:00:27 +0000] "POST /user/login HTTP/1.1" 404 9 "-" "axios/1.7.9"
::1 - - [09/Feb/2025:12:00:27 +0000] "POST /user/login HTTP/1.1" 404 9 "-" "axios/1.7.9"
::1 - - [09/Feb/2025:12:00:27 +0000] "POST /user/login HTTP/1.1" 404 9 "-" "axios/1.7.9"
::1 - - [09/Feb/2025:12:00:27 +0000] "POST /user/login HTTP/1.1" 404 9 "-" "axios/1.7.9"
::1 - - [09/Feb/2025:12:00:27 +0000] "POST /user/login HTTP/1.1" 404 9 "-" "axios/1.7.9"
::1 - - [09/Feb/2025:12:00:27 +0000] "POST /user/login HTTP/1.1" 404 9 "-" "axios/1.7.9"
::1 - - [09/Feb/2025:12:00:27 +0000] "POST /user/login HTTP/1.1" 404 9 "-" "axios/1.7.9"
::1 - - [09/Feb/2025:12:00:27 +0000] "POST /user/login HTTP/1.1" 404 9 "-" "axios/1.7.9"
::1 - - [09/Feb/2025:12:00:27 +0000] "POST /user/login HTTP/1.1" 404 9 "-" "axios/1.7.9"
::1 - - [09/Feb/2025:12:00:27 +0000] "POST /user/login HTTP/1.1" 404 9 "-" "axios/1.7.9"
::1 - - [09/Feb/2025:12:00:27 +0000] "POST /user/login HTTP/1.1" 404 9 "-" "axios/1.7.9"
::1 - - [09/Feb/2025:12:00:27 +0000] "POST /user/login HTTP/1.1" 201 374 "-" "axios/1.7.9"
::1 - - [09/Feb/2025:12:00:27 +0000] "POST /user/login HTTP/1.1" 404 9 "-" "axios/1.7.9"
::1 - - [09/Feb/2025:12:00:27 +0000] "POST /user/login HTTP/1.1" 404 9 "-" "axios/1.7.9"
::1 - - [09/Feb/2025:12:00:27 +0000] "POST /user/login HTTP/1.1" 404 9 "-" "axios/1.7.9"
::1 - - [09/Feb/2025:12:00:27 +0000] "POST /user/login HTTP/1.1" 404 9 "-" "axios/1.7.9"
::1 - - [09/Feb/2025:12:00:27 +0000] "POST /user/login HTTP/1.1" 404 9 "-" "axios/1.7.9"
::1 - - [09/Feb/2025:12:00:27 +0000] "POST /user/login HTTP/1.1" 404 9 "-" "axios/1.7.9"
::1 - - [09/Feb/2025:12:00:27 +0000] "POST /user/login HTTP/1.1" 404 9 "-" "axios/1.7.9"
::1 - - [09/Feb/2025:12:00:27 +0000] "POST /user/login HTTP/1.1" 404 9 "-" "axios/1.7.9"
::1 - - [09/Feb/2025:12:02:00 +0000] "OPTIONS /user/login HTTP/1.1" 204 0 "http://localhost:3001/" "Mozilla/5.0 (Windows NT 10.0; Win64; x64; rv:135.0) Gecko/20100101 Firefox/135.0"
::1 - - [09/Feb/2025:12:02:00 +0000] "POST /user/login HTTP/1.1" 201 374 "http://localhost:3001/" "Mozilla/5.0 (Windows NT 10.0; Win64; x64; rv:135.0) Gecko/20100101 Firefox/135.0"
::1 - - [09/Feb/2025:12:02:04 +0000] "OPTIONS /user/listing/ HTTP/1.1" 204 0 "http://localhost:3001/" "Mozilla/5.0 (Windows NT 10.0; Win64; x64; rv:135.0) Gecko/20100101 Firefox/135.0"
::1 - - [09/Feb/2025:12:02:04 +0000] "GET /user/listing/ HTTP/1.1" 304 - "http://localhost:3001/" "Mozilla/5.0 (Windows NT 10.0; Win64; x64; rv:135.0) Gecko/20100101 Firefox/135.0"
::1 - - [09/Feb/2025:12:02:04 +0000] "GET /50-1581241713214.jpg HTTP/1.1" 304 - "http://localhost:3001/" "Mozilla/5.0 (Windows NT 10.0; Win64; x64; rv:135.0) Gecko/20100101 Firefox/135.0"
::1 - - [09/Feb/2025:12:02:05 +0000] "GET /Supreme-20th-Anniversary-Box-Logo-Tee-White-1581241779499.jpg HTTP/1.1" 304 - "http://localhost:3001/" "Mozilla/5.0 (Windows NT 10.0; Win64; x64; rv:135.0) Gecko/20100101 Firefox/135.0"
::1 - - [09/Feb/2025:12:02:05 +0000] "GET /yeezy-boost-350-v2-antlia-lundmark-synth-release-date-price-01-1581241820941.jpg HTTP/1.1" 304 - "http://localhost:3001/" "Mozilla/5.0 (Windows NT 10.0; Win64; x64; rv:135.0) Gecko/20100101 Firefox/135.0"
::1 - - [09/Feb/2025:12:02:05 +0000] "GET /air-jordan-1-dior-release-info-4-1581248498871.jpg HTTP/1.1" 304 - "http://localhost:3001/" "Mozilla/5.0 (Windows NT 10.0; Win64; x64; rv:135.0) Gecko/20100101 Firefox/135.0"
::1 - - [09/Feb/2025:12:02:05 +0000] "GET /supreme-san-francisco-box-logo-tee-black-1581248766336.jfif HTTP/1.1" 304 - "http://localhost:3001/" "Mozilla/5.0 (Windows NT 10.0; Win64; x64; rv:135.0) Gecko/20100101 Firefox/135.0"
::1 - - [09/Feb/2025:12:02:05 +0000] "GET /off-white-marianna-1581248830797.jfif HTTP/1.1" 304 - "http://localhost:3001/" "Mozilla/5.0 (Windows NT 10.0; Win64; x64; rv:135.0) Gecko/20100101 Firefox/135.0"
::1 - - [09/Feb/2025:12:02:05 +0000] "GET /BAPE-x-MCM-Camo-Zip-Hoodie-Brown-1581248898688.jpg HTTP/1.1" 304 - "http://localhost:3001/" "Mozilla/5.0 (Windows NT 10.0; Win64; x64; rv:135.0) Gecko/20100101 Firefox/135.0"
::1 - - [09/Feb/2025:12:02:05 +0000] "GET /OIG4%20(1)-1738907216913.jpeg HTTP/1.1" 304 - "http://localhost:3001/" "Mozilla/5.0 (Windows NT 10.0; Win64; x64; rv:135.0) Gecko/20100101 Firefox/135.0"
